<?xml version="1.0" encoding="UTF-8"?>
<!-- Generated by org.testng.reporters.JUnitReportReporter -->
<testsuite hostname="LAPTOP-S6RP08QO" failures="0" tests="1" name="tests.CategoriesTest" time="8.543" errors="0" timestamp="2025-01-23T13:35:01 GMT" skipped="0">
  <testcase classname="tests.CategoriesTest" name="verifyCategories" time="8.543"/>
  <system-out/>
</testsuite> <!-- tests.CategoriesTest -->
