<?xml version="1.0" encoding="UTF-8"?>
<!-- Generated by org.testng.reporters.JUnitReportReporter -->
<testsuite hostname="LAPTOP-S6RP08QO" failures="0" tests="3" name="tests.LoginTest" time="13.872" errors="0" timestamp="2025-01-25T21:07:47 GMT" skipped="0">
  <testcase classname="tests.LoginTest" name="loginWithValidCrendetials" time="3.361"/>
  <system-out/>
  <testcase classname="tests.LoginTest" name="findHighestPriceProduct" time="0.367"/>
  <system-out/>
  <testcase classname="tests.LoginTest" name="verifyAddToCart" time="10.144"/>
  <system-out/>
</testsuite> <!-- tests.LoginTest -->
