<?xml version="1.0" encoding="UTF-8"?>
<!-- Generated by org.testng.reporters.JUnitReportReporter -->
<testsuite hostname="LAPTOP-S6RP08QO" failures="0" tests="2" name="tests.RegisterTest" time="15.810" errors="0" timestamp="2024-09-09T01:33:12 BST" skipped="0">
  <testcase classname="tests.RegisterTest" name="registerWithMandatoryFields" time="7.333"/>
  <system-out/>
  <testcase classname="tests.RegisterTest" name="registerWithAllFields" time="8.477"/>
  <system-out/>
</testsuite> <!-- tests.RegisterTest -->
