<?xml version="1.0" encoding="UTF-8"?>
<!-- Generated by org.testng.reporters.JUnitReportReporter -->
<testsuite hostname="LAPTOP-S6RP08QO" failures="0" tests="3" name="tests.SearchTest" time="17.254" errors="0" timestamp="2024-09-09T01:10:58 BST" skipped="0">
  <testcase classname="tests.SearchTest" name="searchWithValidProductName" time="5.720"/>
  <system-out/>
  <testcase classname="tests.SearchTest" name="searchWithInvalidProductName" time="5.884"/>
  <system-out/>
  <testcase classname="tests.SearchTest" name="searchByNotProvidingAnyProductName" time="5.650"/>
  <system-out/>
</testsuite> <!-- tests.SearchTest -->
